(0000) 3000  0011000000000000 (   5)                 .ORIG x3000
(3000) 2813  0010100000010011 (   7)                 LD    R4 BIN
(3001) 2A13  0010101000010011 (   8)                 LD    R5 INT
(3002) B813  1011100000010011 (   9)                 STI   R4 BPTR
(3003) BA13  1011101000010011 (  10)                 STI   R5 NPTR
(3004) A212  1010001000010010 (  12)                 LDI   R1 NPTR
(3005) A010  1010000000010000 (  13)                 LDI   R0 BPTR
(3006) 1020  0001000000100000 (  17) LOOP            ADD   R0 R0 #0
(3007) 0801  0000100000000001 (  18)                 BRN   NEG
(3008) 0605  0000011000000101 (  19)                 BRZP  POS
(3009) 1000  0001000000000000 (  20) NEG             ADD   R0 R0 R0
(300A) 1021  0001000000100001 (  21)                 ADD   R0 R0 #1
(300B) 127F  0001001001111111 (  22)                 ADD   R1 R1 #-1
(300C) 03F9  0000001111111001 (  23)                 BRP   LOOP
(300D) 0C04  0000110000000100 (  24)                 BRNZ  STORE
(300E) 1000  0001000000000000 (  25) POS             ADD   R0 R0 R0
(300F) 127F  0001001001111111 (  26)                 ADD   R1 R1 #-1
(3010) 03F5  0000001111110101 (  27)                 BRP   LOOP
(3011) 0C00  0000110000000000 (  28)                 BRNZ  STORE
(3012) B005  1011000000000101 (  29) STORE           STI   R0 SHFTPTR
(3013) F025  1111000000100101 (  30)                 TRAP  x25
(3014) FFFA  1111111111111010 (  32) BIN             .FILL xFFFA
(3015) 0004  0000000000000100 (  33) INT             .FILL x0004
(3016) 3100  0011000100000000 (  34) BPTR            .FILL x3100
(3017) 3101  0011000100000001 (  35) NPTR            .FILL x3101
(3018) 3102  0011000100000010 (  36) SHFTPTR         .FILL x3102
