(0000) 3000  0011000000000000 (   7)                 .ORIG x3000
(3000) E01D  1110000000011101 (   8) Main            LEA   R0 Prompt
(3001) 284F  0010100001001111 (  10)                 LD    R4 NegD
(3002) F022  1111000000100010 (  11)                 TRAP  x22
(3003) 5020  0101000000100000 (  12)                 AND   R0 R0 #0
(3004) F020  1111000000100000 (  13)                 TRAP  x20
(3005) 1004  0001000000000100 (  15)                 ADD   R0 R0 R4
(3006) 0403  0000010000000011 (  16)                 BRZ   D
(3007) 103F  0001000000111111 (  17)                 ADD   R0 R0 #-1
(3008) 0403  0000010000000011 (  18)                 BRZ   E
(3009) 0E04  0000111000000100 (  19)                 BRNZP Again
(300A) 480D  0100100000001101 (  20) D               JSR   Decrypt
(300B) 0E05  0000111000000101 (  21)                 BRNZP End
(300C) 4805  0100100000000101 (  22) E               JSR   Encrypt
(300D) 0E03  0000111000000011 (  23)                 BRNZP End
(300E) E027  1110000000100111 (  24) Again           LEA   R0 InFail
(300F) F022  1111000000100010 (  25)                 TRAP  x22
(3010) 0FEF  0000111111101111 (  26)                 BRNZP Main
(3011) F025  1111000000100101 (  27) End             TRAP  x25
(3012) 3E41  0011111001000001 (  28) Encrypt         ST    R7 ER7
(3013) 5020  0101000000100000 (  29)                 AND   R0 R0 #0
(3014) E041  1110000001000001 (  30)                 LEA   R0 A
(3015) F022  1111000000100010 (  31)                 TRAP  x22
(3016) 2E3D  0010111000111101 (  32)                 LD    R7 ER7
(3017) C1C0  1100000111000000 (  33)                 RET   
(3018) 3E3C  0011111000111100 (  34) Decrypt         ST    R7 DR7
(3019) 5020  0101000000100000 (  35)                 AND   R0 R0 #0
(301A) E05C  1110000001011100 (  36)                 LEA   R0 B
(301B) F022  1111000000100010 (  37)                 TRAP  x22
(301C) 2E38  0010111000111000 (  38)                 LD    R7 DR7
(301D) C1C0  1100000111000000 (  39)                 RET   
(301E) 0028  0000000000101000 (  44) Prompt          .FILL x0028
(301F) 0045  0000000001000101 (  44)                 .FILL x0045
(3020) 0029  0000000000101001 (  44)                 .FILL x0029
(3021) 006E  0000000001101110 (  44)                 .FILL x006E
(3022) 0063  0000000001100011 (  44)                 .FILL x0063
(3023) 0072  0000000001110010 (  44)                 .FILL x0072
(3024) 0079  0000000001111001 (  44)                 .FILL x0079
(3025) 0070  0000000001110000 (  44)                 .FILL x0070
(3026) 0074  0000000001110100 (  44)                 .FILL x0074
(3027) 0020  0000000000100000 (  44)                 .FILL x0020
(3028) 006F  0000000001101111 (  44)                 .FILL x006F
(3029) 0072  0000000001110010 (  44)                 .FILL x0072
(302A) 0020  0000000000100000 (  44)                 .FILL x0020
(302B) 0028  0000000000101000 (  44)                 .FILL x0028
(302C) 0044  0000000001000100 (  44)                 .FILL x0044
(302D) 0029  0000000000101001 (  44)                 .FILL x0029
(302E) 0065  0000000001100101 (  44)                 .FILL x0065
(302F) 0063  0000000001100011 (  44)                 .FILL x0063
(3030) 0072  0000000001110010 (  44)                 .FILL x0072
(3031) 0079  0000000001111001 (  44)                 .FILL x0079
(3032) 0070  0000000001110000 (  44)                 .FILL x0070
(3033) 0074  0000000001110100 (  44)                 .FILL x0074
(3034) 000A  0000000000001010 (  44)                 .FILL x000A
(3035) 0000  0000000000000000 (  44)                 .FILL x0000
(3036) 0049  0000000001001001 (  45) InFail          .FILL x0049
(3037) 006C  0000000001101100 (  45)                 .FILL x006C
(3038) 006C  0000000001101100 (  45)                 .FILL x006C
(3039) 0065  0000000001100101 (  45)                 .FILL x0065
(303A) 0067  0000000001100111 (  45)                 .FILL x0067
(303B) 0061  0000000001100001 (  45)                 .FILL x0061
(303C) 006C  0000000001101100 (  45)                 .FILL x006C
(303D) 0020  0000000000100000 (  45)                 .FILL x0020
(303E) 0049  0000000001001001 (  45)                 .FILL x0049
(303F) 006E  0000000001101110 (  45)                 .FILL x006E
(3040) 0070  0000000001110000 (  45)                 .FILL x0070
(3041) 0075  0000000001110101 (  45)                 .FILL x0075
(3042) 0074  0000000001110100 (  45)                 .FILL x0074
(3043) 002E  0000000000101110 (  45)                 .FILL x002E
(3044) 0020  0000000000100000 (  45)                 .FILL x0020
(3045) 0054  0000000001010100 (  45)                 .FILL x0054
(3046) 0072  0000000001110010 (  45)                 .FILL x0072
(3047) 0079  0000000001111001 (  45)                 .FILL x0079
(3048) 0020  0000000000100000 (  45)                 .FILL x0020
(3049) 0061  0000000001100001 (  45)                 .FILL x0061
(304A) 0067  0000000001100111 (  45)                 .FILL x0067
(304B) 0061  0000000001100001 (  45)                 .FILL x0061
(304C) 0069  0000000001101001 (  45)                 .FILL x0069
(304D) 006E  0000000001101110 (  45)                 .FILL x006E
(304E) 002E  0000000000101110 (  45)                 .FILL x002E
(304F) 000A  0000000000001010 (  45)                 .FILL x000A
(3050) 0000  0000000000000000 (  45)                 .FILL x0000
(3051) FFBC  1111111110111100 (  46) NegD            .FILL xFFBC
(3052) 0045  0000000001000101 (  47) PosE            .FILL x0045
(3053) FFBB  1111111110111011 (  48) NegE            .FILL xFFBB
(3054) 0000  0000000000000000 (  51) ER7             .FILL x0000
(3055) 0000  0000000000000000 (  53) DR7             .FILL x0000
(3056) 0044  0000000001000100 (  53) A               .FILL x0044
(3057) 0045  0000000001000101 (  53)                 .FILL x0045
(3058) 0042  0000000001000010 (  53)                 .FILL x0042
(3059) 0055  0000000001010101 (  53)                 .FILL x0055
(305A) 0047  0000000001000111 (  53)                 .FILL x0047
(305B) 0020  0000000000100000 (  53)                 .FILL x0020
(305C) 0045  0000000001000101 (  53)                 .FILL x0045
(305D) 006E  0000000001101110 (  53)                 .FILL x006E
(305E) 0063  0000000001100011 (  53)                 .FILL x0063
(305F) 0072  0000000001110010 (  53)                 .FILL x0072
(3060) 0079  0000000001111001 (  53)                 .FILL x0079
(3061) 0070  0000000001110000 (  53)                 .FILL x0070
(3062) 0074  0000000001110100 (  53)                 .FILL x0074
(3063) 0020  0000000000100000 (  53)                 .FILL x0020
(3064) 0073  0000000001110011 (  53)                 .FILL x0073
(3065) 0075  0000000001110101 (  53)                 .FILL x0075
(3066) 0062  0000000001100010 (  53)                 .FILL x0062
(3067) 0072  0000000001110010 (  53)                 .FILL x0072
(3068) 006F  0000000001101111 (  53)                 .FILL x006F
(3069) 0075  0000000001110101 (  53)                 .FILL x0075
(306A) 0074  0000000001110100 (  53)                 .FILL x0074
(306B) 0069  0000000001101001 (  53)                 .FILL x0069
(306C) 006E  0000000001101110 (  53)                 .FILL x006E
(306D) 0065  0000000001100101 (  53)                 .FILL x0065
(306E) 0020  0000000000100000 (  53)                 .FILL x0020
(306F) 0063  0000000001100011 (  53)                 .FILL x0063
(3070) 0061  0000000001100001 (  53)                 .FILL x0061
(3071) 006C  0000000001101100 (  53)                 .FILL x006C
(3072) 006C  0000000001101100 (  53)                 .FILL x006C
(3073) 0065  0000000001100101 (  53)                 .FILL x0065
(3074) 0064  0000000001100100 (  53)                 .FILL x0064
(3075) 000A  0000000000001010 (  53)                 .FILL x000A
(3076) 0000  0000000000000000 (  53)                 .FILL x0000
(3077) 0044  0000000001000100 (  54) B               .FILL x0044
(3078) 0045  0000000001000101 (  54)                 .FILL x0045
(3079) 0042  0000000001000010 (  54)                 .FILL x0042
(307A) 0055  0000000001010101 (  54)                 .FILL x0055
(307B) 0047  0000000001000111 (  54)                 .FILL x0047
(307C) 0020  0000000000100000 (  54)                 .FILL x0020
(307D) 0044  0000000001000100 (  54)                 .FILL x0044
(307E) 0065  0000000001100101 (  54)                 .FILL x0065
(307F) 0063  0000000001100011 (  54)                 .FILL x0063
(3080) 0072  0000000001110010 (  54)                 .FILL x0072
(3081) 0079  0000000001111001 (  54)                 .FILL x0079
(3082) 0070  0000000001110000 (  54)                 .FILL x0070
(3083) 0074  0000000001110100 (  54)                 .FILL x0074
(3084) 0020  0000000000100000 (  54)                 .FILL x0020
(3085) 0073  0000000001110011 (  54)                 .FILL x0073
(3086) 0075  0000000001110101 (  54)                 .FILL x0075
(3087) 0062  0000000001100010 (  54)                 .FILL x0062
(3088) 0072  0000000001110010 (  54)                 .FILL x0072
(3089) 006F  0000000001101111 (  54)                 .FILL x006F
(308A) 0075  0000000001110101 (  54)                 .FILL x0075
(308B) 0074  0000000001110100 (  54)                 .FILL x0074
(308C) 0069  0000000001101001 (  54)                 .FILL x0069
(308D) 006E  0000000001101110 (  54)                 .FILL x006E
(308E) 0065  0000000001100101 (  54)                 .FILL x0065
(308F) 0020  0000000000100000 (  54)                 .FILL x0020
(3090) 0063  0000000001100011 (  54)                 .FILL x0063
(3091) 0061  0000000001100001 (  54)                 .FILL x0061
(3092) 006C  0000000001101100 (  54)                 .FILL x006C
(3093) 006C  0000000001101100 (  54)                 .FILL x006C
(3094) 0065  0000000001100101 (  54)                 .FILL x0065
(3095) 0064  0000000001100100 (  54)                 .FILL x0064
(3096) 000A  0000000000001010 (  54)                 .FILL x000A
(3097) 0000  0000000000000000 (  54)                 .FILL x0000
